빌드 시작: 2013-03-13 오후 8:58:12
     1>4 노드의 "C:\DEV\Projects\panda2\CocosDenshion\proj.win32\CocosDenshion.vcxproj" 프로젝트(build 대상)입니다.
     1>InitializeBuildStatus:
         "AlwaysCreate"이(가) 지정되었기 때문에 "Debug.win32\libCocosDenshion.unsuccessfulbuild"을(를) 만들고 있습니다.
       ClCompile:
         C:\Program Files (x86)\Microsoft Visual Studio 10.0\VC\bin\CL.exe /c /I"C:\Program Files (x86)\Microsoft SDKs\Windows\v7.1A\include" /I..\Include /IC:\DEV\Projects\panda2\CocosDenshion\proj.win32\..\..\cocos2dx /IC:\DEV\Projects\panda2\CocosDenshion\proj.win32\..\..\cocos2dx\include /IC:\DEV\Projects\panda2\CocosDenshion\proj.win32\..\..\cocos2dx\kazmath\include /IC:\DEV\Projects\panda2\CocosDenshion\proj.win32\..\..\cocos2dx\platform\win32 /IC:\DEV\Projects\panda2\CocosDenshion\proj.win32\..\..\cocos2dx\platform\third_party\win32\OGLES /ZI /nologo /W3 /WX- /Od /Oy- /D WIN32 /D _DEBUG /D _WINDOWS /D _USRDLL /D COCOSDENSHIONWIN32_EXPORTS /D _EXPORT_DLL_ /D _WINDLL /Gm /EHsc /RTC1 /MDd /GS /fp:precise /Zc:wchar_t /Zc:forScope /Fo"Debug.win32\\" /Fd"Debug.win32\vc100.pdb" /Gd /TP /wd4251 /analyze- /errorReport:prompt ..\win32\MciPlayer.cpp ..\win32\SimpleAudioEngine.cpp
         SimpleAudioEngine.cpp
     1>c:\dev\projects\panda2\cocos2dx\platform\ccsaxparser.h : warning C4819: 현재 코드 페이지(949)에서 표시할 수 없는 문자가 파일에 들어 있습니다. 데이터가 손실되지 않게 하려면 해당 파일을 유니코드 형식으로 저장하십시오.
     1>c:\dev\projects\panda2\cocos2dx\platform\ccsaxparser.h : warning C4819: 현재 코드 페이지(949)에서 표시할 수 없는 문자가 파일에 들어 있습니다. 데이터가 손실되지 않게 하려면 해당 파일을 유니코드 형식으로 저장하십시오.
         MciPlayer.cpp
         코드를 생성하고 있습니다...
       Link:
         C:\Program Files (x86)\Microsoft Visual Studio 10.0\VC\bin\link.exe /ERRORREPORT:PROMPT /OUT:"C:\DEV\Projects\panda2\Debug.win32\libCocosDenshion.dll" /INCREMENTAL:NO /NOLOGO /LIBPATH:C:\DEV\Projects\panda2\Debug.win32\ winmm.lib libcocos2d.lib kernel32.lib user32.lib gdi32.lib winspool.lib comdlg32.lib advapi32.lib shell32.lib ole32.lib oleaut32.lib uuid.lib odbc32.lib odbccp32.lib /MANIFEST /ManifestFile:"Debug.win32\libCocosDenshion.dll.intermediate.manifest" /MANIFESTUAC:"level='asInvoker' uiAccess='false'" /DEBUG /PDB:"C:\DEV\Projects\panda2\Debug.win32\libCocosDenshion.pdb" /SUBSYSTEM:WINDOWS /TLBID:1 /DYNAMICBASE /NXCOMPAT /IMPLIB:"C:\DEV\Projects\panda2\Debug.win32\libCocosDenshion.lib" /MACHINE:X86 /DLL Debug.win32\MciPlayer.obj
         Debug.win32\SimpleAudioEngine.obj
     1>MciPlayer.obj : warning LNK4075: '/EDITANDCONTINUE'이(가) '/INCREMENTAL:NO' 사양으로 인해 무시됩니다.
            C:\DEV\Projects\panda2\Debug.win32\libCocosDenshion.lib 라이브러리 및 C:\DEV\Projects\panda2\Debug.win32\libCocosDenshion.exp 개체를 생성하고 있습니다.
         CocosDenshion.vcxproj -> C:\DEV\Projects\panda2\Debug.win32\libCocosDenshion.dll
       Manifest:
         C:\Program Files (x86)\Microsoft SDKs\Windows\v7.0A\bin\mt.exe /nologo /verbose /outputresource:"C:\DEV\Projects\panda2\Debug.win32\libCocosDenshion.dll;#2" /manifest Debug.win32\libCocosDenshion.dll.intermediate.manifest
       FinalizeBuildStatus:
         "Debug.win32\libCocosDenshion.unsuccessfulbuild" 파일을 삭제하고 있습니다.
         "Debug.win32\libCocosDenshion.lastbuildstate"에 연결(touching)하고 있습니다.
     1>"C:\DEV\Projects\panda2\CocosDenshion\proj.win32\CocosDenshion.vcxproj" 프로젝트를 빌드했습니다(build 대상).

빌드했습니다.

경과 시간: 00:00:03.78
