빌드 시작: 2013-03-12 오후 7:22:13
     1>3 노드의 "C:\DEV\Projects\cocos2d-2.1beta3-x-2.1.1\extensions\proj.win32\libExtensions.vcxproj" 프로젝트(build 대상)입니다.
     1>InitializeBuildStatus:
         "AlwaysCreate"이(가) 지정되었기 때문에 "Debug.win32\libExtensions.unsuccessfulbuild"을(를) 만들고 있습니다.
       ClCompile:
         C:\Program Files (x86)\Microsoft Visual Studio 10.0\VC\bin\CL.exe /c /I"C:\Program Files (x86)\Microsoft SDKs\Windows\v7.1A\include" /I"C:\DEV\Projects\cocos2d-2.1beta3-x-2.1.1\extensions\proj.win32\..\..\external\chipmunk\include\chipmunk" /I"C:\DEV\Projects\cocos2d-2.1beta3-x-2.1.1\extensions\proj.win32\..\..\external\sqlite3\include" /I"C:\DEV\Projects\cocos2d-2.1beta3-x-2.1.1\extensions\proj.win32\..\..\external" /I"C:\DEV\Projects\cocos2d-2.1beta3-x-2.1.1\extensions\proj.win32\..\..\cocos2dx" /I"C:\DEV\Projects\cocos2d-2.1beta3-x-2.1.1\extensions\proj.win32\..\..\cocos2dx\include" /I"C:\DEV\Projects\cocos2d-2.1beta3-x-2.1.1\extensions\proj.win32\..\..\cocos2dx\kazmath\include" /I"C:\DEV\Projects\cocos2d-2.1beta3-x-2.1.1\extensions\proj.win32\..\..\cocos2dx\platform\win32" /I"C:\DEV\Projects\cocos2d-2.1beta3-x-2.1.1\extensions\proj.win32\..\..\cocos2dx\platform\third_party\win32" /I"C:\DEV\Projects\cocos2d-2.1beta3-x-2.1.1\extensions\proj.win32\..\..\cocos2dx\platform\third_party\win32\pthread" /I"C:\DEV\Projects\cocos2d-2.1beta3-x-2.1.1\extensions\proj.win32\..\..\cocos2dx\platform\third_party\win32\OGLES" /I..\ /ZI /nologo /W3 /WX- /Od /Oy- /D WIN32 /D _WINDOWS /D _DEBUG /D _LIB /D COCOS2D_DEBUG=1 /D CC_ENABLE_CHIPMUNK_INTEGRATION=1 /D _CRT_SECURE_NO_WARNINGS /D _SCL_SECURE_NO_WARNINGS /D _UNICODE /D UNICODE /Gm /EHsc /RTC1 /MDd /GS /fp:precise /Zc:wchar_t /Zc:forScope /Fo"Debug.win32\\" /Fd"Debug.win32\vc100.pdb" /Gd /TP /wd4267 /wd4251 /wd4244 /analyze- /errorReport:prompt ..\CCBReader\CCBAnimationManager.cpp ..\CCBReader\CCBFileLoader.cpp ..\CCBReader\CCBKeyframe.cpp ..\CCBReader\CCBReader.cpp ..\CCBReader\CCBSequence.cpp ..\CCBReader\CCBSequenceProperty.cpp ..\CCBReader\CCBValue.cpp ..\CCBReader\CCControlButtonLoader.cpp ..\CCBReader\CCControlLoader.cpp ..\CCBReader\CCData.cpp ..\CCBReader\CCLabelBMFontLoader.cpp ..\CCBReader\CCLabelTTFLoader.cpp ..\CCBReader\CCLayerColorLoader.cpp ..\CCBReader\CCLayerGradientLoader.cpp ..\CCBReader\CCLayerLoader.cpp ..\CCBReader\CCMenuItemImageLoader.cpp ..\CCBReader\CCMenuItemLoader.cpp ..\CCBReader\CCNode+CCBRelativePositioning.cpp ..\CCBReader\CCNodeLoader.cpp ..\CCBReader\CCNodeLoaderLibrary.cpp ..\CCBReader\CCParticleSystemQuadLoader.cpp ..\CCBReader\CCScale9SpriteLoader.cpp ..\CCBReader\CCScrollViewLoader.cpp ..\CCBReader\CCSpriteLoader.cpp ..\GUI\CCControlExtension\CCControl.cpp ..\GUI\CCControlExtension\CCControlButton.cpp ..\GUI\CCControlExtension\CCControlColourPicker.cpp ..\GUI\CCControlExtension\CCControlHuePicker.cpp ..\GUI\CCControlExtension\CCControlPotentiometer.cpp ..\GUI\CCControlExtension\CCControlSaturationBrightnessPicker.cpp ..\GUI\CCControlExtension\CCControlSlider.cpp ..\GUI\CCControlExtension\CCControlStepper.cpp ..\GUI\CCControlExtension\CCControlSwitch.cpp ..\GUI\CCControlExtension\CCControlUtils.cpp ..\GUI\CCControlExtension\CCInvocation.cpp ..\GUI\CCControlExtension\CCScale9Sprite.cpp ..\GUI\CCScrollView\CCScrollView.cpp ..\GUI\CCScrollView\CCSorting.cpp ..\GUI\CCScrollView\CCTableView.cpp ..\GUI\CCScrollView\CCTableViewCell.cpp ..\LocalStorage\LocalStorage.cpp ..\network\HttpClient.cpp ..\physics_nodes\CCPhysicsDebugNode.cpp ..\physics_nodes\CCPhysicsSprite.cpp
         CCPhysicsSprite.cpp
     1>c:\dev\projects\cocos2d-2.1beta3-x-2.1.1\cocos2dx\platform\ccsaxparser.h : warning C4819: 현재 코드 페이지(949)에서 표시할 수 없는 문자가 파일에 들어 있습니다. 데이터가 손실되지 않게 하려면 해당 파일을 유니코드 형식으로 저장하십시오.
     1>c:\dev\projects\cocos2d-2.1beta3-x-2.1.1\cocos2dx\platform\ccsaxparser.h : warning C4819: 현재 코드 페이지(949)에서 표시할 수 없는 문자가 파일에 들어 있습니다. 데이터가 손실되지 않게 하려면 해당 파일을 유니코드 형식으로 저장하십시오.
         CCPhysicsDebugNode.cpp
     1>c:\dev\projects\cocos2d-2.1beta3-x-2.1.1\cocos2dx\platform\ccsaxparser.h : warning C4819: 현재 코드 페이지(949)에서 표시할 수 없는 문자가 파일에 들어 있습니다. 데이터가 손실되지 않게 하려면 해당 파일을 유니코드 형식으로 저장하십시오.
     1>c:\dev\projects\cocos2d-2.1beta3-x-2.1.1\cocos2dx\platform\ccsaxparser.h : warning C4819: 현재 코드 페이지(949)에서 표시할 수 없는 문자가 파일에 들어 있습니다. 데이터가 손실되지 않게 하려면 해당 파일을 유니코드 형식으로 저장하십시오.
         HttpClient.cpp
     1>c:\dev\projects\cocos2d-2.1beta3-x-2.1.1\cocos2dx\platform\ccsaxparser.h : warning C4819: 현재 코드 페이지(949)에서 표시할 수 없는 문자가 파일에 들어 있습니다. 데이터가 손실되지 않게 하려면 해당 파일을 유니코드 형식으로 저장하십시오.
     1>c:\dev\projects\cocos2d-2.1beta3-x-2.1.1\cocos2dx\platform\ccsaxparser.h : warning C4819: 현재 코드 페이지(949)에서 표시할 수 없는 문자가 파일에 들어 있습니다. 데이터가 손실되지 않게 하려면 해당 파일을 유니코드 형식으로 저장하십시오.
         LocalStorage.cpp
     1>c:\dev\projects\cocos2d-2.1beta3-x-2.1.1\cocos2dx\platform\ccsaxparser.h : warning C4819: 현재 코드 페이지(949)에서 표시할 수 없는 문자가 파일에 들어 있습니다. 데이터가 손실되지 않게 하려면 해당 파일을 유니코드 형식으로 저장하십시오.
     1>c:\dev\projects\cocos2d-2.1beta3-x-2.1.1\cocos2dx\platform\ccsaxparser.h : warning C4819: 현재 코드 페이지(949)에서 표시할 수 없는 문자가 파일에 들어 있습니다. 데이터가 손실되지 않게 하려면 해당 파일을 유니코드 형식으로 저장하십시오.
         CCTableViewCell.cpp
         CCTableView.cpp
     1>c:\dev\projects\cocos2d-2.1beta3-x-2.1.1\cocos2dx\platform\ccsaxparser.h : warning C4819: 현재 코드 페이지(949)에서 표시할 수 없는 문자가 파일에 들어 있습니다. 데이터가 손실되지 않게 하려면 해당 파일을 유니코드 형식으로 저장하십시오.
     1>c:\dev\projects\cocos2d-2.1beta3-x-2.1.1\cocos2dx\platform\ccsaxparser.h : warning C4819: 현재 코드 페이지(949)에서 표시할 수 없는 문자가 파일에 들어 있습니다. 데이터가 손실되지 않게 하려면 해당 파일을 유니코드 형식으로 저장하십시오.
         CCSorting.cpp
         CCScrollView.cpp
         CCScale9Sprite.cpp
     1>c:\dev\projects\cocos2d-2.1beta3-x-2.1.1\cocos2dx\platform\ccsaxparser.h : warning C4819: 현재 코드 페이지(949)에서 표시할 수 없는 문자가 파일에 들어 있습니다. 데이터가 손실되지 않게 하려면 해당 파일을 유니코드 형식으로 저장하십시오.
     1>c:\dev\projects\cocos2d-2.1beta3-x-2.1.1\cocos2dx\platform\ccsaxparser.h : warning C4819: 현재 코드 페이지(949)에서 표시할 수 없는 문자가 파일에 들어 있습니다. 데이터가 손실되지 않게 하려면 해당 파일을 유니코드 형식으로 저장하십시오.
         CCInvocation.cpp
         CCControlUtils.cpp
         CCControlSwitch.cpp
     1>c:\dev\projects\cocos2d-2.1beta3-x-2.1.1\cocos2dx\platform\ccsaxparser.h : warning C4819: 현재 코드 페이지(949)에서 표시할 수 없는 문자가 파일에 들어 있습니다. 데이터가 손실되지 않게 하려면 해당 파일을 유니코드 형식으로 저장하십시오.
     1>c:\dev\projects\cocos2d-2.1beta3-x-2.1.1\cocos2dx\platform\ccsaxparser.h : warning C4819: 현재 코드 페이지(949)에서 표시할 수 없는 문자가 파일에 들어 있습니다. 데이터가 손실되지 않게 하려면 해당 파일을 유니코드 형식으로 저장하십시오.
         CCControlStepper.cpp
     1>c:\dev\projects\cocos2d-2.1beta3-x-2.1.1\cocos2dx\platform\ccsaxparser.h : warning C4819: 현재 코드 페이지(949)에서 표시할 수 없는 문자가 파일에 들어 있습니다. 데이터가 손실되지 않게 하려면 해당 파일을 유니코드 형식으로 저장하십시오.
     1>c:\dev\projects\cocos2d-2.1beta3-x-2.1.1\cocos2dx\platform\ccsaxparser.h : warning C4819: 현재 코드 페이지(949)에서 표시할 수 없는 문자가 파일에 들어 있습니다. 데이터가 손실되지 않게 하려면 해당 파일을 유니코드 형식으로 저장하십시오.
         CCControlSlider.cpp
     1>c:\dev\projects\cocos2d-2.1beta3-x-2.1.1\cocos2dx\platform\ccsaxparser.h : warning C4819: 현재 코드 페이지(949)에서 표시할 수 없는 문자가 파일에 들어 있습니다. 데이터가 손실되지 않게 하려면 해당 파일을 유니코드 형식으로 저장하십시오.
     1>c:\dev\projects\cocos2d-2.1beta3-x-2.1.1\cocos2dx\platform\ccsaxparser.h : warning C4819: 현재 코드 페이지(949)에서 표시할 수 없는 문자가 파일에 들어 있습니다. 데이터가 손실되지 않게 하려면 해당 파일을 유니코드 형식으로 저장하십시오.
         CCControlSaturationBrightnessPicker.cpp
     1>c:\dev\projects\cocos2d-2.1beta3-x-2.1.1\cocos2dx\platform\ccsaxparser.h : warning C4819: 현재 코드 페이지(949)에서 표시할 수 없는 문자가 파일에 들어 있습니다. 데이터가 손실되지 않게 하려면 해당 파일을 유니코드 형식으로 저장하십시오.
     1>c:\dev\projects\cocos2d-2.1beta3-x-2.1.1\cocos2dx\platform\ccsaxparser.h : warning C4819: 현재 코드 페이지(949)에서 표시할 수 없는 문자가 파일에 들어 있습니다. 데이터가 손실되지 않게 하려면 해당 파일을 유니코드 형식으로 저장하십시오.
         CCControlPotentiometer.cpp
     1>c:\dev\projects\cocos2d-2.1beta3-x-2.1.1\extensions\gui\cccontrolextension\cccontrolpotentiometer.h : warning C4819: 현재 코드 페이지(949)에서 표시할 수 없는 문자가 파일에 들어 있습니다. 데이터가 손실되지 않게 하려면 해당 파일을 유니코드 형식으로 저장하십시오.
     1>c:\dev\projects\cocos2d-2.1beta3-x-2.1.1\cocos2dx\platform\ccsaxparser.h : warning C4819: 현재 코드 페이지(949)에서 표시할 수 없는 문자가 파일에 들어 있습니다. 데이터가 손실되지 않게 하려면 해당 파일을 유니코드 형식으로 저장하십시오.
     1>c:\dev\projects\cocos2d-2.1beta3-x-2.1.1\cocos2dx\platform\ccsaxparser.h : warning C4819: 현재 코드 페이지(949)에서 표시할 수 없는 문자가 파일에 들어 있습니다. 데이터가 손실되지 않게 하려면 해당 파일을 유니코드 형식으로 저장하십시오.
         CCControlHuePicker.cpp
     1>c:\dev\projects\cocos2d-2.1beta3-x-2.1.1\cocos2dx\platform\ccsaxparser.h : warning C4819: 현재 코드 페이지(949)에서 표시할 수 없는 문자가 파일에 들어 있습니다. 데이터가 손실되지 않게 하려면 해당 파일을 유니코드 형식으로 저장하십시오.
     1>c:\dev\projects\cocos2d-2.1beta3-x-2.1.1\cocos2dx\platform\ccsaxparser.h : warning C4819: 현재 코드 페이지(949)에서 표시할 수 없는 문자가 파일에 들어 있습니다. 데이터가 손실되지 않게 하려면 해당 파일을 유니코드 형식으로 저장하십시오.
         CCControlColourPicker.cpp
     1>c:\dev\projects\cocos2d-2.1beta3-x-2.1.1\cocos2dx\platform\ccsaxparser.h : warning C4819: 현재 코드 페이지(949)에서 표시할 수 없는 문자가 파일에 들어 있습니다. 데이터가 손실되지 않게 하려면 해당 파일을 유니코드 형식으로 저장하십시오.
     1>c:\dev\projects\cocos2d-2.1beta3-x-2.1.1\cocos2dx\platform\ccsaxparser.h : warning C4819: 현재 코드 페이지(949)에서 표시할 수 없는 문자가 파일에 들어 있습니다. 데이터가 손실되지 않게 하려면 해당 파일을 유니코드 형식으로 저장하십시오.
         CCControlButton.cpp
     1>c:\dev\projects\cocos2d-2.1beta3-x-2.1.1\cocos2dx\platform\ccsaxparser.h : warning C4819: 현재 코드 페이지(949)에서 표시할 수 없는 문자가 파일에 들어 있습니다. 데이터가 손실되지 않게 하려면 해당 파일을 유니코드 형식으로 저장하십시오.
     1>c:\dev\projects\cocos2d-2.1beta3-x-2.1.1\cocos2dx\platform\ccsaxparser.h : warning C4819: 현재 코드 페이지(949)에서 표시할 수 없는 문자가 파일에 들어 있습니다. 데이터가 손실되지 않게 하려면 해당 파일을 유니코드 형식으로 저장하십시오.
         CCControl.cpp
     1>c:\dev\projects\cocos2d-2.1beta3-x-2.1.1\cocos2dx\platform\ccsaxparser.h : warning C4819: 현재 코드 페이지(949)에서 표시할 수 없는 문자가 파일에 들어 있습니다. 데이터가 손실되지 않게 하려면 해당 파일을 유니코드 형식으로 저장하십시오.
     1>c:\dev\projects\cocos2d-2.1beta3-x-2.1.1\cocos2dx\platform\ccsaxparser.h : warning C4819: 현재 코드 페이지(949)에서 표시할 수 없는 문자가 파일에 들어 있습니다. 데이터가 손실되지 않게 하려면 해당 파일을 유니코드 형식으로 저장하십시오.
         코드를 생성하고 있습니다...
         컴파일하고 있습니다...
         CCSpriteLoader.cpp
     1>c:\dev\projects\cocos2d-2.1beta3-x-2.1.1\cocos2dx\platform\ccsaxparser.h : warning C4819: 현재 코드 페이지(949)에서 표시할 수 없는 문자가 파일에 들어 있습니다. 데이터가 손실되지 않게 하려면 해당 파일을 유니코드 형식으로 저장하십시오.
     1>c:\dev\projects\cocos2d-2.1beta3-x-2.1.1\cocos2dx\platform\ccsaxparser.h : warning C4819: 현재 코드 페이지(949)에서 표시할 수 없는 문자가 파일에 들어 있습니다. 데이터가 손실되지 않게 하려면 해당 파일을 유니코드 형식으로 저장하십시오.
         CCScrollViewLoader.cpp
     1>c:\dev\projects\cocos2d-2.1beta3-x-2.1.1\cocos2dx\platform\ccsaxparser.h : warning C4819: 현재 코드 페이지(949)에서 표시할 수 없는 문자가 파일에 들어 있습니다. 데이터가 손실되지 않게 하려면 해당 파일을 유니코드 형식으로 저장하십시오.
     1>c:\dev\projects\cocos2d-2.1beta3-x-2.1.1\cocos2dx\platform\ccsaxparser.h : warning C4819: 현재 코드 페이지(949)에서 표시할 수 없는 문자가 파일에 들어 있습니다. 데이터가 손실되지 않게 하려면 해당 파일을 유니코드 형식으로 저장하십시오.
         CCScale9SpriteLoader.cpp
     1>c:\dev\projects\cocos2d-2.1beta3-x-2.1.1\cocos2dx\platform\ccsaxparser.h : warning C4819: 현재 코드 페이지(949)에서 표시할 수 없는 문자가 파일에 들어 있습니다. 데이터가 손실되지 않게 하려면 해당 파일을 유니코드 형식으로 저장하십시오.
     1>c:\dev\projects\cocos2d-2.1beta3-x-2.1.1\cocos2dx\platform\ccsaxparser.h : warning C4819: 현재 코드 페이지(949)에서 표시할 수 없는 문자가 파일에 들어 있습니다. 데이터가 손실되지 않게 하려면 해당 파일을 유니코드 형식으로 저장하십시오.
         CCParticleSystemQuadLoader.cpp
     1>c:\dev\projects\cocos2d-2.1beta3-x-2.1.1\cocos2dx\platform\ccsaxparser.h : warning C4819: 현재 코드 페이지(949)에서 표시할 수 없는 문자가 파일에 들어 있습니다. 데이터가 손실되지 않게 하려면 해당 파일을 유니코드 형식으로 저장하십시오.
     1>c:\dev\projects\cocos2d-2.1beta3-x-2.1.1\cocos2dx\platform\ccsaxparser.h : warning C4819: 현재 코드 페이지(949)에서 표시할 수 없는 문자가 파일에 들어 있습니다. 데이터가 손실되지 않게 하려면 해당 파일을 유니코드 형식으로 저장하십시오.
         CCNodeLoaderLibrary.cpp
     1>c:\dev\projects\cocos2d-2.1beta3-x-2.1.1\cocos2dx\platform\ccsaxparser.h : warning C4819: 현재 코드 페이지(949)에서 표시할 수 없는 문자가 파일에 들어 있습니다. 데이터가 손실되지 않게 하려면 해당 파일을 유니코드 형식으로 저장하십시오.
     1>c:\dev\projects\cocos2d-2.1beta3-x-2.1.1\cocos2dx\platform\ccsaxparser.h : warning C4819: 현재 코드 페이지(949)에서 표시할 수 없는 문자가 파일에 들어 있습니다. 데이터가 손실되지 않게 하려면 해당 파일을 유니코드 형식으로 저장하십시오.
         CCNodeLoader.cpp
     1>c:\dev\projects\cocos2d-2.1beta3-x-2.1.1\cocos2dx\platform\ccsaxparser.h : warning C4819: 현재 코드 페이지(949)에서 표시할 수 없는 문자가 파일에 들어 있습니다. 데이터가 손실되지 않게 하려면 해당 파일을 유니코드 형식으로 저장하십시오.
     1>c:\dev\projects\cocos2d-2.1beta3-x-2.1.1\cocos2dx\platform\ccsaxparser.h : warning C4819: 현재 코드 페이지(949)에서 표시할 수 없는 문자가 파일에 들어 있습니다. 데이터가 손실되지 않게 하려면 해당 파일을 유니코드 형식으로 저장하십시오.
         CCNode+CCBRelativePositioning.cpp
     1>c:\dev\projects\cocos2d-2.1beta3-x-2.1.1\cocos2dx\platform\ccsaxparser.h : warning C4819: 현재 코드 페이지(949)에서 표시할 수 없는 문자가 파일에 들어 있습니다. 데이터가 손실되지 않게 하려면 해당 파일을 유니코드 형식으로 저장하십시오.
     1>c:\dev\projects\cocos2d-2.1beta3-x-2.1.1\cocos2dx\platform\ccsaxparser.h : warning C4819: 현재 코드 페이지(949)에서 표시할 수 없는 문자가 파일에 들어 있습니다. 데이터가 손실되지 않게 하려면 해당 파일을 유니코드 형식으로 저장하십시오.
         CCMenuItemLoader.cpp
     1>c:\dev\projects\cocos2d-2.1beta3-x-2.1.1\cocos2dx\platform\ccsaxparser.h : warning C4819: 현재 코드 페이지(949)에서 표시할 수 없는 문자가 파일에 들어 있습니다. 데이터가 손실되지 않게 하려면 해당 파일을 유니코드 형식으로 저장하십시오.
     1>c:\dev\projects\cocos2d-2.1beta3-x-2.1.1\cocos2dx\platform\ccsaxparser.h : warning C4819: 현재 코드 페이지(949)에서 표시할 수 없는 문자가 파일에 들어 있습니다. 데이터가 손실되지 않게 하려면 해당 파일을 유니코드 형식으로 저장하십시오.
         CCMenuItemImageLoader.cpp
     1>c:\dev\projects\cocos2d-2.1beta3-x-2.1.1\cocos2dx\platform\ccsaxparser.h : warning C4819: 현재 코드 페이지(949)에서 표시할 수 없는 문자가 파일에 들어 있습니다. 데이터가 손실되지 않게 하려면 해당 파일을 유니코드 형식으로 저장하십시오.
     1>c:\dev\projects\cocos2d-2.1beta3-x-2.1.1\cocos2dx\platform\ccsaxparser.h : warning C4819: 현재 코드 페이지(949)에서 표시할 수 없는 문자가 파일에 들어 있습니다. 데이터가 손실되지 않게 하려면 해당 파일을 유니코드 형식으로 저장하십시오.
         CCLayerLoader.cpp
     1>c:\dev\projects\cocos2d-2.1beta3-x-2.1.1\cocos2dx\platform\ccsaxparser.h : warning C4819: 현재 코드 페이지(949)에서 표시할 수 없는 문자가 파일에 들어 있습니다. 데이터가 손실되지 않게 하려면 해당 파일을 유니코드 형식으로 저장하십시오.
     1>c:\dev\projects\cocos2d-2.1beta3-x-2.1.1\cocos2dx\platform\ccsaxparser.h : warning C4819: 현재 코드 페이지(949)에서 표시할 수 없는 문자가 파일에 들어 있습니다. 데이터가 손실되지 않게 하려면 해당 파일을 유니코드 형식으로 저장하십시오.
         CCLayerGradientLoader.cpp
     1>c:\dev\projects\cocos2d-2.1beta3-x-2.1.1\cocos2dx\platform\ccsaxparser.h : warning C4819: 현재 코드 페이지(949)에서 표시할 수 없는 문자가 파일에 들어 있습니다. 데이터가 손실되지 않게 하려면 해당 파일을 유니코드 형식으로 저장하십시오.
     1>c:\dev\projects\cocos2d-2.1beta3-x-2.1.1\cocos2dx\platform\ccsaxparser.h : warning C4819: 현재 코드 페이지(949)에서 표시할 수 없는 문자가 파일에 들어 있습니다. 데이터가 손실되지 않게 하려면 해당 파일을 유니코드 형식으로 저장하십시오.
         CCLayerColorLoader.cpp
     1>c:\dev\projects\cocos2d-2.1beta3-x-2.1.1\cocos2dx\platform\ccsaxparser.h : warning C4819: 현재 코드 페이지(949)에서 표시할 수 없는 문자가 파일에 들어 있습니다. 데이터가 손실되지 않게 하려면 해당 파일을 유니코드 형식으로 저장하십시오.
     1>c:\dev\projects\cocos2d-2.1beta3-x-2.1.1\cocos2dx\platform\ccsaxparser.h : warning C4819: 현재 코드 페이지(949)에서 표시할 수 없는 문자가 파일에 들어 있습니다. 데이터가 손실되지 않게 하려면 해당 파일을 유니코드 형식으로 저장하십시오.
         CCLabelTTFLoader.cpp
     1>c:\dev\projects\cocos2d-2.1beta3-x-2.1.1\cocos2dx\platform\ccsaxparser.h : warning C4819: 현재 코드 페이지(949)에서 표시할 수 없는 문자가 파일에 들어 있습니다. 데이터가 손실되지 않게 하려면 해당 파일을 유니코드 형식으로 저장하십시오.
     1>c:\dev\projects\cocos2d-2.1beta3-x-2.1.1\cocos2dx\platform\ccsaxparser.h : warning C4819: 현재 코드 페이지(949)에서 표시할 수 없는 문자가 파일에 들어 있습니다. 데이터가 손실되지 않게 하려면 해당 파일을 유니코드 형식으로 저장하십시오.
         CCLabelBMFontLoader.cpp
     1>c:\dev\projects\cocos2d-2.1beta3-x-2.1.1\cocos2dx\platform\ccsaxparser.h : warning C4819: 현재 코드 페이지(949)에서 표시할 수 없는 문자가 파일에 들어 있습니다. 데이터가 손실되지 않게 하려면 해당 파일을 유니코드 형식으로 저장하십시오.
     1>c:\dev\projects\cocos2d-2.1beta3-x-2.1.1\cocos2dx\platform\ccsaxparser.h : warning C4819: 현재 코드 페이지(949)에서 표시할 수 없는 문자가 파일에 들어 있습니다. 데이터가 손실되지 않게 하려면 해당 파일을 유니코드 형식으로 저장하십시오.
         CCData.cpp
     1>c:\dev\projects\cocos2d-2.1beta3-x-2.1.1\cocos2dx\platform\ccsaxparser.h : warning C4819: 현재 코드 페이지(949)에서 표시할 수 없는 문자가 파일에 들어 있습니다. 데이터가 손실되지 않게 하려면 해당 파일을 유니코드 형식으로 저장하십시오.
     1>c:\dev\projects\cocos2d-2.1beta3-x-2.1.1\cocos2dx\platform\ccsaxparser.h : warning C4819: 현재 코드 페이지(949)에서 표시할 수 없는 문자가 파일에 들어 있습니다. 데이터가 손실되지 않게 하려면 해당 파일을 유니코드 형식으로 저장하십시오.
         CCControlLoader.cpp
     1>c:\dev\projects\cocos2d-2.1beta3-x-2.1.1\cocos2dx\platform\ccsaxparser.h : warning C4819: 현재 코드 페이지(949)에서 표시할 수 없는 문자가 파일에 들어 있습니다. 데이터가 손실되지 않게 하려면 해당 파일을 유니코드 형식으로 저장하십시오.
     1>c:\dev\projects\cocos2d-2.1beta3-x-2.1.1\cocos2dx\platform\ccsaxparser.h : warning C4819: 현재 코드 페이지(949)에서 표시할 수 없는 문자가 파일에 들어 있습니다. 데이터가 손실되지 않게 하려면 해당 파일을 유니코드 형식으로 저장하십시오.
         CCControlButtonLoader.cpp
     1>c:\dev\projects\cocos2d-2.1beta3-x-2.1.1\cocos2dx\platform\ccsaxparser.h : warning C4819: 현재 코드 페이지(949)에서 표시할 수 없는 문자가 파일에 들어 있습니다. 데이터가 손실되지 않게 하려면 해당 파일을 유니코드 형식으로 저장하십시오.
     1>c:\dev\projects\cocos2d-2.1beta3-x-2.1.1\cocos2dx\platform\ccsaxparser.h : warning C4819: 현재 코드 페이지(949)에서 표시할 수 없는 문자가 파일에 들어 있습니다. 데이터가 손실되지 않게 하려면 해당 파일을 유니코드 형식으로 저장하십시오.
         CCBValue.cpp
     1>c:\dev\projects\cocos2d-2.1beta3-x-2.1.1\cocos2dx\platform\ccsaxparser.h : warning C4819: 현재 코드 페이지(949)에서 표시할 수 없는 문자가 파일에 들어 있습니다. 데이터가 손실되지 않게 하려면 해당 파일을 유니코드 형식으로 저장하십시오.
     1>c:\dev\projects\cocos2d-2.1beta3-x-2.1.1\cocos2dx\platform\ccsaxparser.h : warning C4819: 현재 코드 페이지(949)에서 표시할 수 없는 문자가 파일에 들어 있습니다. 데이터가 손실되지 않게 하려면 해당 파일을 유니코드 형식으로 저장하십시오.
         CCBSequenceProperty.cpp
     1>c:\dev\projects\cocos2d-2.1beta3-x-2.1.1\cocos2dx\platform\ccsaxparser.h : warning C4819: 현재 코드 페이지(949)에서 표시할 수 없는 문자가 파일에 들어 있습니다. 데이터가 손실되지 않게 하려면 해당 파일을 유니코드 형식으로 저장하십시오.
     1>c:\dev\projects\cocos2d-2.1beta3-x-2.1.1\cocos2dx\platform\ccsaxparser.h : warning C4819: 현재 코드 페이지(949)에서 표시할 수 없는 문자가 파일에 들어 있습니다. 데이터가 손실되지 않게 하려면 해당 파일을 유니코드 형식으로 저장하십시오.
         CCBSequence.cpp
     1>c:\dev\projects\cocos2d-2.1beta3-x-2.1.1\cocos2dx\platform\ccsaxparser.h : warning C4819: 현재 코드 페이지(949)에서 표시할 수 없는 문자가 파일에 들어 있습니다. 데이터가 손실되지 않게 하려면 해당 파일을 유니코드 형식으로 저장하십시오.
     1>c:\dev\projects\cocos2d-2.1beta3-x-2.1.1\cocos2dx\platform\ccsaxparser.h : warning C4819: 현재 코드 페이지(949)에서 표시할 수 없는 문자가 파일에 들어 있습니다. 데이터가 손실되지 않게 하려면 해당 파일을 유니코드 형식으로 저장하십시오.
         코드를 생성하고 있습니다...
         컴파일하고 있습니다...
         CCBReader.cpp
     1>c:\dev\projects\cocos2d-2.1beta3-x-2.1.1\cocos2dx\platform\ccsaxparser.h : warning C4819: 현재 코드 페이지(949)에서 표시할 수 없는 문자가 파일에 들어 있습니다. 데이터가 손실되지 않게 하려면 해당 파일을 유니코드 형식으로 저장하십시오.
     1>c:\dev\projects\cocos2d-2.1beta3-x-2.1.1\cocos2dx\platform\ccsaxparser.h : warning C4819: 현재 코드 페이지(949)에서 표시할 수 없는 문자가 파일에 들어 있습니다. 데이터가 손실되지 않게 하려면 해당 파일을 유니코드 형식으로 저장하십시오.
         CCBKeyframe.cpp
     1>c:\dev\projects\cocos2d-2.1beta3-x-2.1.1\cocos2dx\platform\ccsaxparser.h : warning C4819: 현재 코드 페이지(949)에서 표시할 수 없는 문자가 파일에 들어 있습니다. 데이터가 손실되지 않게 하려면 해당 파일을 유니코드 형식으로 저장하십시오.
     1>c:\dev\projects\cocos2d-2.1beta3-x-2.1.1\cocos2dx\platform\ccsaxparser.h : warning C4819: 현재 코드 페이지(949)에서 표시할 수 없는 문자가 파일에 들어 있습니다. 데이터가 손실되지 않게 하려면 해당 파일을 유니코드 형식으로 저장하십시오.
         CCBFileLoader.cpp
     1>c:\dev\projects\cocos2d-2.1beta3-x-2.1.1\cocos2dx\platform\ccsaxparser.h : warning C4819: 현재 코드 페이지(949)에서 표시할 수 없는 문자가 파일에 들어 있습니다. 데이터가 손실되지 않게 하려면 해당 파일을 유니코드 형식으로 저장하십시오.
     1>c:\dev\projects\cocos2d-2.1beta3-x-2.1.1\cocos2dx\platform\ccsaxparser.h : warning C4819: 현재 코드 페이지(949)에서 표시할 수 없는 문자가 파일에 들어 있습니다. 데이터가 손실되지 않게 하려면 해당 파일을 유니코드 형식으로 저장하십시오.
         CCBAnimationManager.cpp
     1>c:\dev\projects\cocos2d-2.1beta3-x-2.1.1\cocos2dx\platform\ccsaxparser.h : warning C4819: 현재 코드 페이지(949)에서 표시할 수 없는 문자가 파일에 들어 있습니다. 데이터가 손실되지 않게 하려면 해당 파일을 유니코드 형식으로 저장하십시오.
     1>c:\dev\projects\cocos2d-2.1beta3-x-2.1.1\cocos2dx\platform\ccsaxparser.h : warning C4819: 현재 코드 페이지(949)에서 표시할 수 없는 문자가 파일에 들어 있습니다. 데이터가 손실되지 않게 하려면 해당 파일을 유니코드 형식으로 저장하십시오.
         코드를 생성하고 있습니다...
       Lib:
         C:\Program Files (x86)\Microsoft Visual Studio 10.0\VC\bin\Lib.exe /OUT:"C:\DEV\Projects\cocos2d-2.1beta3-x-2.1.1\Debug.win32\libExtensions.lib" /NOLOGO Debug.win32\CCBAnimationManager.obj
         Debug.win32\CCBFileLoader.obj
         Debug.win32\CCBKeyframe.obj
         Debug.win32\CCBReader.obj
         Debug.win32\CCBSequence.obj
         Debug.win32\CCBSequenceProperty.obj
         Debug.win32\CCBValue.obj
         Debug.win32\CCControlButtonLoader.obj
         Debug.win32\CCControlLoader.obj
         Debug.win32\CCData.obj
         Debug.win32\CCLabelBMFontLoader.obj
         Debug.win32\CCLabelTTFLoader.obj
         Debug.win32\CCLayerColorLoader.obj
         Debug.win32\CCLayerGradientLoader.obj
         Debug.win32\CCLayerLoader.obj
         Debug.win32\CCMenuItemImageLoader.obj
         Debug.win32\CCMenuItemLoader.obj
         Debug.win32\CCNode+CCBRelativePositioning.obj
         Debug.win32\CCNodeLoader.obj
         Debug.win32\CCNodeLoaderLibrary.obj
         Debug.win32\CCParticleSystemQuadLoader.obj
         Debug.win32\CCScale9SpriteLoader.obj
         Debug.win32\CCScrollViewLoader.obj
         Debug.win32\CCSpriteLoader.obj
         Debug.win32\CCControl.obj
         Debug.win32\CCControlButton.obj
         Debug.win32\CCControlColourPicker.obj
         Debug.win32\CCControlHuePicker.obj
         Debug.win32\CCControlPotentiometer.obj
         Debug.win32\CCControlSaturationBrightnessPicker.obj
         Debug.win32\CCControlSlider.obj
         Debug.win32\CCControlStepper.obj
         Debug.win32\CCControlSwitch.obj
         Debug.win32\CCControlUtils.obj
         Debug.win32\CCInvocation.obj
         Debug.win32\CCScale9Sprite.obj
         Debug.win32\CCScrollView.obj
         Debug.win32\CCSorting.obj
         Debug.win32\CCTableView.obj
         Debug.win32\CCTableViewCell.obj
         Debug.win32\LocalStorage.obj
         Debug.win32\HttpClient.obj
         Debug.win32\CCPhysicsDebugNode.obj
         Debug.win32\CCPhysicsSprite.obj
         libExtensions.vcxproj -> C:\DEV\Projects\cocos2d-2.1beta3-x-2.1.1\Debug.win32\libExtensions.lib
       FinalizeBuildStatus:
         "Debug.win32\libExtensions.unsuccessfulbuild" 파일을 삭제하고 있습니다.
         "Debug.win32\libExtensions.lastbuildstate"에 연결(touching)하고 있습니다.
     1>"C:\DEV\Projects\cocos2d-2.1beta3-x-2.1.1\extensions\proj.win32\libExtensions.vcxproj" 프로젝트를 빌드했습니다(build 대상).

빌드했습니다.

경과 시간: 00:01:15.06
