빌드 시작: 2013-03-12 오후 7:19:40
     1>2 노드의 "C:\DEV\Projects\cocos2d-2.1beta3-x-2.1.1\cocos2dx\proj.win32\cocos2d.vcxproj" 프로젝트(build 대상)입니다.
     1>InitializeBuildStatus:
         "AlwaysCreate"이(가) 지정되었기 때문에 "Debug.win32\libcocos2d.unsuccessfulbuild"을(를) 만들고 있습니다.
       ClCompile:
         C:\Program Files (x86)\Microsoft Visual Studio 10.0\VC\bin\CL.exe /c /I"C:\Program Files (x86)\Microsoft SDKs\Windows\v7.1A\include" /I"C:\DEV\Projects\cocos2d-2.1beta3-x-2.1.1\cocos2dx\proj.win32\.." /I"C:\DEV\Projects\cocos2d-2.1beta3-x-2.1.1\cocos2dx\proj.win32\..\platform\win32" /I"C:\DEV\Projects\cocos2d-2.1beta3-x-2.1.1\cocos2dx\proj.win32\..\platform\third_party\win32\iconv" /I"C:\DEV\Projects\cocos2d-2.1beta3-x-2.1.1\cocos2dx\proj.win32\..\platform\third_party\win32\zlib" /I"C:\DEV\Projects\cocos2d-2.1beta3-x-2.1.1\cocos2dx\proj.win32\..\platform\third_party\win32\libpng" /I"C:\DEV\Projects\cocos2d-2.1beta3-x-2.1.1\cocos2dx\proj.win32\..\platform\third_party\win32\libjpeg" /I"C:\DEV\Projects\cocos2d-2.1beta3-x-2.1.1\cocos2dx\proj.win32\..\platform\third_party\win32\libtiff" /I"C:\DEV\Projects\cocos2d-2.1beta3-x-2.1.1\cocos2dx\proj.win32\..\platform\third_party\win32\libxml2" /I"C:\DEV\Projects\cocos2d-2.1beta3-x-2.1.1\cocos2dx\proj.win32\..\platform\third_party\win32\pthread" /I"C:\DEV\Projects\cocos2d-2.1beta3-x-2.1.1\cocos2dx\proj.win32\..\platform\third_party\win32\OGLES" /I..\include /I"C:\DEV\Projects\cocos2d-2.1beta3-x-2.1.1\cocos2dx\proj.win32\..\kazmath\include" /ZI /nologo /W3 /WX- /Od /Oy- /D WIN32 /D _DEBUG /D _WINDOWS /D _USRDLL /D COCOS2DXWIN32_EXPORTS /D GL_GLEXT_PROTOTYPES /D COCOS2D_DEBUG=1 /D _CRT_SECURE_NO_WARNINGS /D _SCL_SECURE_NO_WARNINGS /D _WINDLL /D _UNICODE /D UNICODE /Gm /EHsc /RTC1 /MDd /GS /fp:precise /Zc:wchar_t /Zc:forScope /Fo"Debug.win32\\" /Fd"Debug.win32\vc100.pdb" /Gd /TP /wd4267 /wd4251 /wd4244 /analyze- /errorReport:prompt ..\base_nodes\CCAtlasNode.cpp ..\base_nodes\CCNode.cpp ..\cocoa\CCAffineTransform.cpp ..\cocoa\CCArray.cpp ..\cocoa\CCAutoreleasePool.cpp ..\cocoa\CCDictionary.cpp ..\cocoa\CCGeometry.cpp ..\cocoa\CCNS.cpp ..\cocoa\CCObject.cpp ..\cocoa\CCSet.cpp ..\cocoa\CCString.cpp ..\cocoa\CCZone.cpp ..\draw_nodes\CCDrawingPrimitives.cpp ..\draw_nodes\CCDrawNode.cpp ..\effects\CCGrabber.cpp ..\effects\CCGrid.cpp ..\actions\CCAction.cpp ..\actions\CCActionCamera.cpp ..\actions\CCActionCatmullRom.cpp ..\actions\CCActionEase.cpp ..\actions\CCActionGrid.cpp ..\actions\CCActionGrid3D.cpp ..\actions\CCActionInstant.cpp ..\actions\CCActionInterval.cpp ..\actions\CCActionManager.cpp ..\actions\CCActionPageTurn3D.cpp ..\actions\CCActionProgressTimer.cpp ..\actions\CCActionTiledGrid.cpp ..\actions\CCActionTween.cpp ..\label_nodes\CCLabelAtlas.cpp ..\label_nodes\CCLabelBMFont.cpp ..\label_nodes\CCLabelTTF.cpp ..\layers_scenes_transitions_nodes\CCLayer.cpp ..\layers_scenes_transitions_nodes\CCScene.cpp ..\layers_scenes_transitions_nodes\CCTransition.cpp ..\layers_scenes_transitions_nodes\CCTransitionPageTurn.cpp ..\layers_scenes_transitions_nodes\CCTransitionProgress.cpp ..\menu_nodes\CCMenu.cpp ..\menu_nodes\CCMenuItem.cpp ..\misc_nodes\CCClippingNode.cpp ..\misc_nodes\CCMotionStreak.cpp ..\misc_nodes\CCProgressTimer.cpp ..\misc_nodes\CCRenderTexture.cpp ..\particle_nodes\CCParticleBatchNode.cpp ..\particle_nodes\CCParticleExamples.cpp ..\particle_nodes\CCParticleSystem.cpp ..\particle_nodes\CCParticleSystemQuad.cpp ..\platform\CCEGLViewProtocol.cpp ..\platform\CCSAXParser.cpp ..\platform\CCThread.cpp ..\platform\platform.cpp ..\platform\win32\CCAccelerometer.cpp ..\platform\win32\CCApplication.cpp ..\platform\win32\CCCommon.cpp ..\platform\win32\CCEGLView.cpp ..\platform\win32\CCFileUtils.cpp ..\platform\win32\CCImage.cpp ..\platform\win32\CCStdC.cpp ..\shaders\CCGLProgram.cpp ..\shaders\ccGLStateCache.cpp ..\shaders\CCShaderCache.cpp ..\shaders\ccShaders.cpp ..\sprite_nodes\CCAnimation.cpp ..\sprite_nodes\CCAnimationCache.cpp ..\sprite_nodes\CCSprite.cpp ..\sprite_nodes\CCSpriteBatchNode.cpp ..\sprite_nodes\CCSpriteFrame.cpp ..\sprite_nodes\CCSpriteFrameCache.cpp ..\support\base64.cpp ..\support\CCNotificationCenter.cpp ..\support\CCPointExtension.cpp ..\support\CCProfiling.cpp ..\support\CCUserDefault.cpp ..\support\ccUtils.cpp ..\support\CCVertex.cpp ..\support\TransformUtils.cpp ..\support\data_support\ccCArray.cpp ..\support\image_support\TGAlib.cpp ..\support\zip_support\ioapi.cpp ..\support\zip_support\unzip.cpp ..\support\zip_support\ZipUtils.cpp ..\textures\CCTexture2D.cpp ..\textures\CCTextureAtlas.cpp ..\textures\CCTextureCache.cpp ..\textures\CCTexturePVR.cpp ..\tileMap_parallax_nodes\CCParallaxNode.cpp ..\tileMap_parallax_nodes\CCTileMapAtlas.cpp ..\tileMap_parallax_nodes\CCTMXLayer.cpp ..\tileMap_parallax_nodes\CCTMXObjectGroup.cpp ..\tileMap_parallax_nodes\CCTMXTiledMap.cpp ..\tileMap_parallax_nodes\CCTMXXMLParser.cpp ..\touch_dispatcher\CCTouch.cpp ..\touch_dispatcher\CCTouchDispatcher.cpp ..\touch_dispatcher\CCTouchHandler.cpp ..\keypad_dispatcher\CCKeypadDelegate.cpp ..\keypad_dispatcher\CCKeypadDispatcher.cpp ..\text_input_node\CCIMEDispatcher.cpp ..\text_input_node\CCTextFieldTTF.cpp ..\script_support\CCScriptSupport.cpp ..\CCCamera.cpp ..\CCConfiguration.cpp ..\CCDirector.cpp ..\CCScheduler.cpp ..\cocos2d.cpp
         cocos2d.cpp
     1>c:\dev\projects\cocos2d-2.1beta3-x-2.1.1\cocos2dx\platform\ccsaxparser.h : warning C4819: 현재 코드 페이지(949)에서 표시할 수 없는 문자가 파일에 들어 있습니다. 데이터가 손실되지 않게 하려면 해당 파일을 유니코드 형식으로 저장하십시오.
     1>c:\dev\projects\cocos2d-2.1beta3-x-2.1.1\cocos2dx\platform\ccsaxparser.h : warning C4819: 현재 코드 페이지(949)에서 표시할 수 없는 문자가 파일에 들어 있습니다. 데이터가 손실되지 않게 하려면 해당 파일을 유니코드 형식으로 저장하십시오.
         CCScheduler.cpp
         CCDirector.cpp
         CCConfiguration.cpp
         CCCamera.cpp
         CCScriptSupport.cpp
         CCTextFieldTTF.cpp
         CCIMEDispatcher.cpp
         CCKeypadDispatcher.cpp
         CCKeypadDelegate.cpp
         CCTouchHandler.cpp
         CCTouchDispatcher.cpp
         CCTouch.cpp
         CCTMXXMLParser.cpp
     1>c:\dev\projects\cocos2d-2.1beta3-x-2.1.1\cocos2dx\tilemap_parallax_nodes\cctmxxmlparser.cpp : warning C4819: 현재 코드 페이지(949)에서 표시할 수 없는 문자가 파일에 들어 있습니다. 데이터가 손실되지 않게 하려면 해당 파일을 유니코드 형식으로 저장하십시오.
     1>c:\dev\projects\cocos2d-2.1beta3-x-2.1.1\cocos2dx\platform\ccsaxparser.h : warning C4819: 현재 코드 페이지(949)에서 표시할 수 없는 문자가 파일에 들어 있습니다. 데이터가 손실되지 않게 하려면 해당 파일을 유니코드 형식으로 저장하십시오.
         CCTMXTiledMap.cpp
     1>c:\dev\projects\cocos2d-2.1beta3-x-2.1.1\cocos2dx\platform\ccsaxparser.h : warning C4819: 현재 코드 페이지(949)에서 표시할 수 없는 문자가 파일에 들어 있습니다. 데이터가 손실되지 않게 하려면 해당 파일을 유니코드 형식으로 저장하십시오.
         CCTMXObjectGroup.cpp
         CCTMXLayer.cpp
     1>c:\dev\projects\cocos2d-2.1beta3-x-2.1.1\cocos2dx\platform\ccsaxparser.h : warning C4819: 현재 코드 페이지(949)에서 표시할 수 없는 문자가 파일에 들어 있습니다. 데이터가 손실되지 않게 하려면 해당 파일을 유니코드 형식으로 저장하십시오.
         CCTileMapAtlas.cpp
         CCParallaxNode.cpp
         CCTexturePVR.cpp
         코드를 생성하고 있습니다...
         컴파일하고 있습니다...
         CCTextureCache.cpp
         CCTextureAtlas.cpp
         CCTexture2D.cpp
         ZipUtils.cpp
         unzip.cpp
         ioapi.cpp
         TGAlib.cpp
         ccCArray.cpp
         TransformUtils.cpp
         CCVertex.cpp
         ccUtils.cpp
         CCUserDefault.cpp
         CCProfiling.cpp
         CCPointExtension.cpp
         CCNotificationCenter.cpp
         base64.cpp
         CCSpriteFrameCache.cpp
         CCSpriteFrame.cpp
         CCSpriteBatchNode.cpp
         CCSprite.cpp
         코드를 생성하고 있습니다...
         컴파일하고 있습니다...
         CCAnimationCache.cpp
         CCAnimation.cpp
         ccShaders.cpp
         CCShaderCache.cpp
         ccGLStateCache.cpp
         CCGLProgram.cpp
         CCStdC.cpp
         CCImage.cpp
         CCFileUtils.cpp
     1>c:\dev\projects\cocos2d-2.1beta3-x-2.1.1\cocos2dx\platform\ccsaxparser.h : warning C4819: 현재 코드 페이지(949)에서 표시할 수 없는 문자가 파일에 들어 있습니다. 데이터가 손실되지 않게 하려면 해당 파일을 유니코드 형식으로 저장하십시오.
         CCEGLView.cpp
         CCCommon.cpp
         CCApplication.cpp
         CCAccelerometer.cpp
         platform.cpp
         CCThread.cpp
         CCSAXParser.cpp
     1>c:\dev\projects\cocos2d-2.1beta3-x-2.1.1\cocos2dx\platform\ccsaxparser.cpp : warning C4819: 현재 코드 페이지(949)에서 표시할 수 없는 문자가 파일에 들어 있습니다. 데이터가 손실되지 않게 하려면 해당 파일을 유니코드 형식으로 저장하십시오.
     1>c:\dev\projects\cocos2d-2.1beta3-x-2.1.1\cocos2dx\platform\ccsaxparser.h : warning C4819: 현재 코드 페이지(949)에서 표시할 수 없는 문자가 파일에 들어 있습니다. 데이터가 손실되지 않게 하려면 해당 파일을 유니코드 형식으로 저장하십시오.
         CCEGLViewProtocol.cpp
         CCParticleSystemQuad.cpp
         CCParticleSystem.cpp
         CCParticleExamples.cpp
         코드를 생성하고 있습니다...
         컴파일하고 있습니다...
         CCParticleBatchNode.cpp
         CCRenderTexture.cpp
         CCProgressTimer.cpp
         CCMotionStreak.cpp
         CCClippingNode.cpp
         CCMenuItem.cpp
         CCMenu.cpp
         CCTransitionProgress.cpp
         CCTransitionPageTurn.cpp
         CCTransition.cpp
         CCScene.cpp
         CCLayer.cpp
         CCLabelTTF.cpp
         CCLabelBMFont.cpp
         CCLabelAtlas.cpp
         CCActionTween.cpp
         CCActionTiledGrid.cpp
         CCActionProgressTimer.cpp
         CCActionPageTurn3D.cpp
         CCActionManager.cpp
         코드를 생성하고 있습니다...
         컴파일하고 있습니다...
         CCActionInterval.cpp
         CCActionInstant.cpp
         CCActionGrid3D.cpp
         CCActionGrid.cpp
         CCActionEase.cpp
         CCActionCatmullRom.cpp
         CCActionCamera.cpp
         CCAction.cpp
         CCGrid.cpp
         CCGrabber.cpp
         CCDrawNode.cpp
         CCDrawingPrimitives.cpp
         CCZone.cpp
         CCString.cpp
         CCSet.cpp
         CCObject.cpp
         CCNS.cpp
         CCGeometry.cpp
         CCDictionary.cpp
         CCAutoreleasePool.cpp
         코드를 생성하고 있습니다...
         컴파일하고 있습니다...
         CCArray.cpp
         CCAffineTransform.cpp
         CCNode.cpp
         CCAtlasNode.cpp
         코드를 생성하고 있습니다...
         C:\Program Files (x86)\Microsoft Visual Studio 10.0\VC\bin\CL.exe /c /I"C:\Program Files (x86)\Microsoft SDKs\Windows\v7.1A\include" /I"C:\DEV\Projects\cocos2d-2.1beta3-x-2.1.1\cocos2dx\proj.win32\.." /I"C:\DEV\Projects\cocos2d-2.1beta3-x-2.1.1\cocos2dx\proj.win32\..\platform\win32" /I"C:\DEV\Projects\cocos2d-2.1beta3-x-2.1.1\cocos2dx\proj.win32\..\platform\third_party\win32\iconv" /I"C:\DEV\Projects\cocos2d-2.1beta3-x-2.1.1\cocos2dx\proj.win32\..\platform\third_party\win32\zlib" /I"C:\DEV\Projects\cocos2d-2.1beta3-x-2.1.1\cocos2dx\proj.win32\..\platform\third_party\win32\libpng" /I"C:\DEV\Projects\cocos2d-2.1beta3-x-2.1.1\cocos2dx\proj.win32\..\platform\third_party\win32\libjpeg" /I"C:\DEV\Projects\cocos2d-2.1beta3-x-2.1.1\cocos2dx\proj.win32\..\platform\third_party\win32\libtiff" /I"C:\DEV\Projects\cocos2d-2.1beta3-x-2.1.1\cocos2dx\proj.win32\..\platform\third_party\win32\libxml2" /I"C:\DEV\Projects\cocos2d-2.1beta3-x-2.1.1\cocos2dx\proj.win32\..\platform\third_party\win32\pthread" /I"C:\DEV\Projects\cocos2d-2.1beta3-x-2.1.1\cocos2dx\proj.win32\..\platform\third_party\win32\OGLES" /I..\include /I"C:\DEV\Projects\cocos2d-2.1beta3-x-2.1.1\cocos2dx\proj.win32\..\kazmath\include" /ZI /nologo /W3 /WX- /Od /Oy- /D WIN32 /D _DEBUG /D _WINDOWS /D _USRDLL /D COCOS2DXWIN32_EXPORTS /D GL_GLEXT_PROTOTYPES /D COCOS2D_DEBUG=1 /D _CRT_SECURE_NO_WARNINGS /D _SCL_SECURE_NO_WARNINGS /D _WINDLL /D _UNICODE /D UNICODE /Gm /EHsc /RTC1 /MDd /GS /fp:precise /Zc:wchar_t /Zc:forScope /Fo"Debug.win32\\" /Fd"Debug.win32\vc100.pdb" /Gd /TC /wd4267 /wd4251 /wd4244 /analyze- /errorReport:prompt ..\kazmath\src\aabb.c ..\kazmath\src\mat3.c ..\kazmath\src\mat4.c ..\kazmath\src\neon_matrix_impl.c ..\kazmath\src\plane.c ..\kazmath\src\quaternion.c ..\kazmath\src\ray2.c ..\kazmath\src\utility.c ..\kazmath\src\vec2.c ..\kazmath\src\vec3.c ..\kazmath\src\vec4.c ..\kazmath\src\GL\mat4stack.c ..\kazmath\src\GL\matrix.c
         matrix.c
         mat4stack.c
         vec4.c
         vec3.c
     1>c:\dev\projects\cocos2d-2.1beta3-x-2.1.1\cocos2dx\kazmath\src\vec3.c : warning C4819: 현재 코드 페이지(949)에서 표시할 수 없는 문자가 파일에 들어 있습니다. 데이터가 손실되지 않게 하려면 해당 파일을 유니코드 형식으로 저장하십시오.
         vec2.c
         utility.c
         ray2.c
         quaternion.c
         plane.c
     1>c:\dev\projects\cocos2d-2.1beta3-x-2.1.1\cocos2dx\kazmath\src\plane.c : warning C4819: 현재 코드 페이지(949)에서 표시할 수 없는 문자가 파일에 들어 있습니다. 데이터가 손실되지 않게 하려면 해당 파일을 유니코드 형식으로 저장하십시오.
         neon_matrix_impl.c
         mat4.c
         mat3.c
         aabb.c
         코드를 생성하고 있습니다...
       PreLinkEvent:
         if not exist "C:\DEV\Projects\cocos2d-2.1beta3-x-2.1.1\Debug.win32\" mkdir "C:\DEV\Projects\cocos2d-2.1beta3-x-2.1.1\Debug.win32\"
         xcopy /Y /Q "C:\DEV\Projects\cocos2d-2.1beta3-x-2.1.1\cocos2dx\proj.win32\..\platform\third_party\win32\libraries\*.*" "C:\DEV\Projects\cocos2d-2.1beta3-x-2.1.1\Debug.win32\"
         
         :VCEnd
         16개 파일이 복사되었습니다.
       Link:
         C:\Program Files (x86)\Microsoft Visual Studio 10.0\VC\bin\link.exe /ERRORREPORT:PROMPT /OUT:"C:\DEV\Projects\cocos2d-2.1beta3-x-2.1.1\Debug.win32\libcocos2d.dll" /INCREMENTAL:NO /NOLOGO /LIBPATH:"C:\DEV\Projects\cocos2d-2.1beta3-x-2.1.1\Debug.win32\\" opengl32.lib glew32.lib libxml2.lib libzlib.lib libpng.lib libjpeg.lib libtiff.lib libiconv.lib pthreadVCE2.lib kernel32.lib user32.lib gdi32.lib winspool.lib comdlg32.lib advapi32.lib shell32.lib ole32.lib oleaut32.lib uuid.lib odbc32.lib odbccp32.lib /MANIFEST /ManifestFile:"Debug.win32\libcocos2d.dll.intermediate.manifest" /MANIFESTUAC:"level='asInvoker' uiAccess='false'" /DEBUG /PDB:"C:\DEV\Projects\cocos2d-2.1beta3-x-2.1.1\Debug.win32\libcocos2d.pdb" /SUBSYSTEM:WINDOWS /TLBID:1 /DYNAMICBASE /NXCOMPAT /IMPLIB:"C:\DEV\Projects\cocos2d-2.1beta3-x-2.1.1\Debug.win32\libcocos2d.lib" /MACHINE:X86 /DLL Debug.win32\CCAtlasNode.obj
         Debug.win32\CCNode.obj
         Debug.win32\CCAffineTransform.obj
         Debug.win32\CCArray.obj
         Debug.win32\CCAutoreleasePool.obj
         Debug.win32\CCDictionary.obj
         Debug.win32\CCGeometry.obj
         Debug.win32\CCNS.obj
         Debug.win32\CCObject.obj
         Debug.win32\CCSet.obj
         Debug.win32\CCString.obj
         Debug.win32\CCZone.obj
         Debug.win32\CCDrawingPrimitives.obj
         Debug.win32\CCDrawNode.obj
         Debug.win32\CCGrabber.obj
         Debug.win32\CCGrid.obj
         Debug.win32\CCAction.obj
         Debug.win32\CCActionCamera.obj
         Debug.win32\CCActionCatmullRom.obj
         Debug.win32\CCActionEase.obj
         Debug.win32\CCActionGrid.obj
         Debug.win32\CCActionGrid3D.obj
         Debug.win32\CCActionInstant.obj
         Debug.win32\CCActionInterval.obj
         Debug.win32\CCActionManager.obj
         Debug.win32\CCActionPageTurn3D.obj
         Debug.win32\CCActionProgressTimer.obj
         Debug.win32\CCActionTiledGrid.obj
         Debug.win32\CCActionTween.obj
         Debug.win32\CCLabelAtlas.obj
         Debug.win32\CCLabelBMFont.obj
         Debug.win32\CCLabelTTF.obj
         Debug.win32\CCLayer.obj
         Debug.win32\CCScene.obj
         Debug.win32\CCTransition.obj
         Debug.win32\CCTransitionPageTurn.obj
         Debug.win32\CCTransitionProgress.obj
         Debug.win32\CCMenu.obj
         Debug.win32\CCMenuItem.obj
         Debug.win32\CCClippingNode.obj
         Debug.win32\CCMotionStreak.obj
         Debug.win32\CCProgressTimer.obj
         Debug.win32\CCRenderTexture.obj
         Debug.win32\CCParticleBatchNode.obj
         Debug.win32\CCParticleExamples.obj
         Debug.win32\CCParticleSystem.obj
         Debug.win32\CCParticleSystemQuad.obj
         Debug.win32\CCEGLViewProtocol.obj
         Debug.win32\CCSAXParser.obj
         Debug.win32\CCThread.obj
         Debug.win32\platform.obj
         Debug.win32\CCAccelerometer.obj
         Debug.win32\CCApplication.obj
         Debug.win32\CCCommon.obj
         Debug.win32\CCEGLView.obj
         Debug.win32\CCFileUtils.obj
         Debug.win32\CCImage.obj
         Debug.win32\CCStdC.obj
         Debug.win32\CCGLProgram.obj
         Debug.win32\ccGLStateCache.obj
         Debug.win32\CCShaderCache.obj
         Debug.win32\ccShaders.obj
         Debug.win32\CCAnimation.obj
         Debug.win32\CCAnimationCache.obj
         Debug.win32\CCSprite.obj
         Debug.win32\CCSpriteBatchNode.obj
         Debug.win32\CCSpriteFrame.obj
         Debug.win32\CCSpriteFrameCache.obj
         Debug.win32\base64.obj
         Debug.win32\CCNotificationCenter.obj
         Debug.win32\CCPointExtension.obj
         Debug.win32\CCProfiling.obj
         Debug.win32\CCUserDefault.obj
         Debug.win32\ccUtils.obj
         Debug.win32\CCVertex.obj
         Debug.win32\TransformUtils.obj
         Debug.win32\ccCArray.obj
         Debug.win32\TGAlib.obj
         Debug.win32\ioapi.obj
         Debug.win32\unzip.obj
         Debug.win32\ZipUtils.obj
         Debug.win32\CCTexture2D.obj
         Debug.win32\CCTextureAtlas.obj
         Debug.win32\CCTextureCache.obj
         Debug.win32\CCTexturePVR.obj
         Debug.win32\CCParallaxNode.obj
         Debug.win32\CCTileMapAtlas.obj
         Debug.win32\CCTMXLayer.obj
         Debug.win32\CCTMXObjectGroup.obj
         Debug.win32\CCTMXTiledMap.obj
         Debug.win32\CCTMXXMLParser.obj
         Debug.win32\CCTouch.obj
         Debug.win32\CCTouchDispatcher.obj
         Debug.win32\CCTouchHandler.obj
         Debug.win32\CCKeypadDelegate.obj
         Debug.win32\CCKeypadDispatcher.obj
         Debug.win32\CCIMEDispatcher.obj
         Debug.win32\CCTextFieldTTF.obj
         Debug.win32\CCScriptSupport.obj
         Debug.win32\aabb.obj
         Debug.win32\mat3.obj
         Debug.win32\mat4.obj
         Debug.win32\neon_matrix_impl.obj
         Debug.win32\plane.obj
         Debug.win32\quaternion.obj
         Debug.win32\ray2.obj
         Debug.win32\utility.obj
         Debug.win32\vec2.obj
         Debug.win32\vec3.obj
         Debug.win32\vec4.obj
         Debug.win32\mat4stack.obj
         Debug.win32\matrix.obj
         Debug.win32\CCCamera.obj
         Debug.win32\CCConfiguration.obj
         Debug.win32\CCDirector.obj
         Debug.win32\CCScheduler.obj
         Debug.win32\cocos2d.obj
     1>CCAtlasNode.obj : warning LNK4075: '/EDITANDCONTINUE'이(가) '/INCREMENTAL:NO' 사양으로 인해 무시됩니다.
            C:\DEV\Projects\cocos2d-2.1beta3-x-2.1.1\Debug.win32\libcocos2d.lib 라이브러리 및 C:\DEV\Projects\cocos2d-2.1beta3-x-2.1.1\Debug.win32\libcocos2d.exp 개체를 생성하고 있습니다.
     1>LINK : warning LNK4098: 'LIBCMT' defaultlib가 다른 라이브러리와 충돌합니다. /NODEFAULTLIB:library를 사용하십시오.
         cocos2d.vcxproj -> C:\DEV\Projects\cocos2d-2.1beta3-x-2.1.1\Debug.win32\libcocos2d.dll
       Manifest:
         C:\Program Files (x86)\Microsoft SDKs\Windows\v7.0A\bin\mt.exe /nologo /verbose /outputresource:"C:\DEV\Projects\cocos2d-2.1beta3-x-2.1.1\Debug.win32\libcocos2d.dll;#2" /manifest Debug.win32\libcocos2d.dll.intermediate.manifest
       FinalizeBuildStatus:
         "Debug.win32\libcocos2d.unsuccessfulbuild" 파일을 삭제하고 있습니다.
         "Debug.win32\libcocos2d.lastbuildstate"에 연결(touching)하고 있습니다.
     1>"C:\DEV\Projects\cocos2d-2.1beta3-x-2.1.1\cocos2dx\proj.win32\cocos2d.vcxproj" 프로젝트를 빌드했습니다(build 대상).

빌드했습니다.

경과 시간: 00:02:13.20
