빌드 시작: 2013-03-14 오전 9:07:31
     1>2 노드의 "C:\DEV\Projects\panda2\Panda\proj.win32\Panda.win32.vcxproj" 프로젝트(build 대상)입니다.
     1>InitializeBuildStatus:
         "AlwaysCreate"이(가) 지정되었기 때문에 "Debug.win32\Panda.win32.unsuccessfulbuild"을(를) 만들고 있습니다.
       ClCompile:
         C:\Program Files (x86)\Microsoft Visual Studio 10.0\VC\bin\CL.exe /c /I. /I..\Classes /IC:\DEV\Projects\panda2\cocos2dx /IC:\DEV\Projects\panda2\cocos2dx\include /IC:\DEV\Projects\panda2\cocos2dx\kazmath\include /IC:\DEV\Projects\panda2\cocos2dx\platform\win32 /IC:\DEV\Projects\panda2\cocos2dx\platform\third_party\win32 /IC:\DEV\Projects\panda2\cocos2dx\platform\third_party\win32\OGLES /IC:\DEV\Projects\panda2\external /IC:\DEV\Projects\panda2\CocosDenshion\include /ZI /nologo /W3 /WX- /Od /Oy- /D WIN32 /D _WINDOWS /D STRICT /D _CRT_SECURE_NO_WARNINGS /D _SCL_SECURE_NO_WARNINGS_DEBUG /D COCOS2D_DEBUG=1 /D _UNICODE /D UNICODE /Gm /EHsc /RTC1 /MDd /GS /fp:precise /Zc:wchar_t /Zc:forScope /Fo"Debug.win32\\" /Fd"Debug.win32\vc100.pdb" /Gd /TP /wd4267 /wd4251 /wd4244 /analyze- /errorReport:prompt ..\Classes\HelloWorldScene.cpp
         HelloWorldScene.cpp
     1>c:\dev\projects\panda2\cocos2dx\platform\ccsaxparser.h : warning C4819: 현재 코드 페이지(949)에서 표시할 수 없는 문자가 파일에 들어 있습니다. 데이터가 손실되지 않게 하려면 해당 파일을 유니코드 형식으로 저장하십시오.
     1>c:\dev\projects\panda2\cocos2dx\platform\ccsaxparser.h : warning C4819: 현재 코드 페이지(949)에서 표시할 수 없는 문자가 파일에 들어 있습니다. 데이터가 손실되지 않게 하려면 해당 파일을 유니코드 형식으로 저장하십시오.
       ResourceCompile:
         모든 출력이 최신 상태입니다.
       ManifestResourceCompile:
         모든 출력이 최신 상태입니다.
       Link:
         C:\Program Files (x86)\Microsoft Visual Studio 10.0\VC\bin\link.exe /ERRORREPORT:PROMPT /OUT:"C:\DEV\Projects\panda2\Debug.win32\Panda.win32.exe" /INCREMENTAL /NOLOGO /LIBPATH:C:\DEV\Projects\panda2\Debug.win32\ libcocos2d.lib opengl32.lib glew32.lib libBox2d.lib libCocosDenshion.lib kernel32.lib user32.lib gdi32.lib winspool.lib comdlg32.lib advapi32.lib shell32.lib ole32.lib oleaut32.lib uuid.lib odbc32.lib odbccp32.lib /MANIFEST /ManifestFile:"Debug.win32\Panda.win32.exe.intermediate.manifest" /MANIFESTUAC:"level='asInvoker' uiAccess='false'" /DEBUG /PDB:"C:\DEV\Projects\panda2\Debug.win32\Panda.win32.pdb" /SUBSYSTEM:WINDOWS /TLBID:1 /DYNAMICBASE /NXCOMPAT /IMPLIB:"C:\DEV\Projects\panda2\Debug.win32\Panda.win32.lib" /MACHINE:X86 Debug.win32\Panda.res
         Debug.win32\Panda.win32.exe.embed.manifest.res
         Debug.win32\AppDelegate.obj
         Debug.win32\HelloWorldScene.obj
         Debug.win32\LoadingTitleView.obj
         Debug.win32\main.obj
         Debug.win32\MainApplication.obj
       Manifest:
         C:\Program Files (x86)\Microsoft SDKs\Windows\v7.0A\bin\mt.exe /nologo /verbose /out:"Debug.win32\Panda.win32.exe.embed.manifest" /manifest Debug.win32\Panda.win32.exe.intermediate.manifest
         모든 출력이 최신 상태입니다.
       LinkEmbedManifest:
         모든 출력이 최신 상태입니다.
         Panda.win32.vcxproj -> C:\DEV\Projects\panda2\Debug.win32\Panda.win32.exe
       FinalizeBuildStatus:
         "Debug.win32\Panda.win32.unsuccessfulbuild" 파일을 삭제하고 있습니다.
         "Debug.win32\Panda.win32.lastbuildstate"에 연결(touching)하고 있습니다.
     1>"C:\DEV\Projects\panda2\Panda\proj.win32\Panda.win32.vcxproj" 프로젝트를 빌드했습니다(build 대상).

빌드했습니다.

경과 시간: 00:00:04.14
