빌드 시작: 2013-03-12 오후 7:21:58
     1>3 노드의 "C:\DEV\Projects\cocos2d-2.1beta3-x-2.1.1\samples\Cpp\HelloCpp\proj.win32\HelloCpp.vcxproj" 프로젝트(build 대상)입니다.
     1>InitializeBuildStatus:
         "AlwaysCreate"이(가) 지정되었기 때문에 "Debug.win32\HelloCpp.unsuccessfulbuild"을(를) 만들고 있습니다.
       ClCompile:
         C:\Program Files (x86)\Microsoft Visual Studio 10.0\VC\bin\CL.exe /c /I"C:\DEV\Projects\cocos2d-2.1beta3-x-2.1.1\samples\Cpp\HelloCpp\proj.win32\..\..\..\..\cocos2dx" /I"C:\DEV\Projects\cocos2d-2.1beta3-x-2.1.1\samples\Cpp\HelloCpp\proj.win32\..\..\..\..\cocos2dx\include" /I"C:\DEV\Projects\cocos2d-2.1beta3-x-2.1.1\samples\Cpp\HelloCpp\proj.win32\..\..\..\..\cocos2dx\kazmath\include" /I"C:\DEV\Projects\cocos2d-2.1beta3-x-2.1.1\samples\Cpp\HelloCpp\proj.win32\..\..\..\..\cocos2dx\platform\win32" /I"C:\DEV\Projects\cocos2d-2.1beta3-x-2.1.1\samples\Cpp\HelloCpp\proj.win32\..\..\..\..\cocos2dx\platform\third_party\win32\OGLES" /I..\Classes /ZI /nologo /W3 /WX- /Od /Oy- /D WIN32 /D _DEBUG /D _WINDOWS /D COCOS2D_DEBUG=1 /D _CRT_SECURE_NO_WARNINGS /D _SCL_SECURE_NO_WARNINGS /D _UNICODE /D UNICODE /Gm /EHsc /RTC1 /MDd /GS /fp:precise /Zc:wchar_t /Zc:forScope /Fo"Debug.win32\\" /Fd"Debug.win32\vc100.pdb" /Gd /TP /wd4267 /wd4251 /wd4244 /analyze- /errorReport:prompt ..\Classes\AppDelegate.cpp ..\Classes\HelloWorldScene.cpp main.cpp
         main.cpp
     1>c:\dev\projects\cocos2d-2.1beta3-x-2.1.1\cocos2dx\platform\ccsaxparser.h : warning C4819: 현재 코드 페이지(949)에서 표시할 수 없는 문자가 파일에 들어 있습니다. 데이터가 손실되지 않게 하려면 해당 파일을 유니코드 형식으로 저장하십시오.
     1>c:\dev\projects\cocos2d-2.1beta3-x-2.1.1\cocos2dx\platform\ccsaxparser.h : warning C4819: 현재 코드 페이지(949)에서 표시할 수 없는 문자가 파일에 들어 있습니다. 데이터가 손실되지 않게 하려면 해당 파일을 유니코드 형식으로 저장하십시오.
         HelloWorldScene.cpp
     1>c:\dev\projects\cocos2d-2.1beta3-x-2.1.1\cocos2dx\platform\ccsaxparser.h : warning C4819: 현재 코드 페이지(949)에서 표시할 수 없는 문자가 파일에 들어 있습니다. 데이터가 손실되지 않게 하려면 해당 파일을 유니코드 형식으로 저장하십시오.
     1>c:\dev\projects\cocos2d-2.1beta3-x-2.1.1\cocos2dx\platform\ccsaxparser.h : warning C4819: 현재 코드 페이지(949)에서 표시할 수 없는 문자가 파일에 들어 있습니다. 데이터가 손실되지 않게 하려면 해당 파일을 유니코드 형식으로 저장하십시오.
         AppDelegate.cpp
     1>c:\dev\projects\cocos2d-2.1beta3-x-2.1.1\cocos2dx\platform\ccsaxparser.h : warning C4819: 현재 코드 페이지(949)에서 표시할 수 없는 문자가 파일에 들어 있습니다. 데이터가 손실되지 않게 하려면 해당 파일을 유니코드 형식으로 저장하십시오.
     1>c:\dev\projects\cocos2d-2.1beta3-x-2.1.1\cocos2dx\platform\ccsaxparser.h : warning C4819: 현재 코드 페이지(949)에서 표시할 수 없는 문자가 파일에 들어 있습니다. 데이터가 손실되지 않게 하려면 해당 파일을 유니코드 형식으로 저장하십시오.
         코드를 생성하고 있습니다...
       ManifestResourceCompile:
         C:\Program Files (x86)\Microsoft SDKs\Windows\v7.0A\bin\rc.exe /nologo /fo"Debug.win32\HelloCpp.exe.embed.manifest.res" Debug.win32\HelloCpp_manifest.rc 
       Link:
         C:\Program Files (x86)\Microsoft Visual Studio 10.0\VC\bin\link.exe /ERRORREPORT:PROMPT /OUT:"C:\DEV\Projects\cocos2d-2.1beta3-x-2.1.1\Debug.win32\HelloCpp.exe" /INCREMENTAL /NOLOGO /LIBPATH:"C:\DEV\Projects\cocos2d-2.1beta3-x-2.1.1\Debug.win32\\" opengl32.lib glew32.lib libcocos2d.lib kernel32.lib user32.lib gdi32.lib winspool.lib comdlg32.lib advapi32.lib shell32.lib ole32.lib oleaut32.lib uuid.lib odbc32.lib odbccp32.lib /MANIFEST /ManifestFile:"Debug.win32\HelloCpp.exe.intermediate.manifest" /MANIFESTUAC:"level='asInvoker' uiAccess='false'" /DEBUG /PDB:"C:\DEV\Projects\cocos2d-2.1beta3-x-2.1.1\Debug.win32\HelloCpp.pdb" /SUBSYSTEM:WINDOWS /TLBID:1 /DYNAMICBASE /NXCOMPAT /IMPLIB:"C:\DEV\Projects\cocos2d-2.1beta3-x-2.1.1\Debug.win32\HelloCpp.lib" /MACHINE:X86 Debug.win32\HelloCpp.exe.embed.manifest.res
         Debug.win32\AppDelegate.obj
         Debug.win32\HelloWorldScene.obj
         Debug.win32\main.obj
         "C:\DEV\Projects\cocos2d-2.1beta3-x-2.1.1\Debug.win32\libcocos2d.lib"
         "C:\DEV\Projects\cocos2d-2.1beta3-x-2.1.1\Debug.win32\libCocosDenshion.lib"
       Manifest:
         C:\Program Files (x86)\Microsoft SDKs\Windows\v7.0A\bin\mt.exe /nologo /verbose /out:"Debug.win32\HelloCpp.exe.embed.manifest" /manifest Debug.win32\HelloCpp.exe.intermediate.manifest
         C:\Program Files (x86)\Microsoft SDKs\Windows\v7.0A\bin\rc.exe /nologo /fo"Debug.win32\HelloCpp.exe.embed.manifest.res" Debug.win32\HelloCpp_manifest.rc 
       LinkEmbedManifest:
         C:\Program Files (x86)\Microsoft Visual Studio 10.0\VC\bin\link.exe /ERRORREPORT:PROMPT /OUT:"C:\DEV\Projects\cocos2d-2.1beta3-x-2.1.1\Debug.win32\HelloCpp.exe" /INCREMENTAL /NOLOGO /LIBPATH:"C:\DEV\Projects\cocos2d-2.1beta3-x-2.1.1\Debug.win32\\" opengl32.lib glew32.lib libcocos2d.lib kernel32.lib user32.lib gdi32.lib winspool.lib comdlg32.lib advapi32.lib shell32.lib ole32.lib oleaut32.lib uuid.lib odbc32.lib odbccp32.lib /MANIFEST /ManifestFile:"Debug.win32\HelloCpp.exe.intermediate.manifest" /MANIFESTUAC:"level='asInvoker' uiAccess='false'" /DEBUG /PDB:"C:\DEV\Projects\cocos2d-2.1beta3-x-2.1.1\Debug.win32\HelloCpp.pdb" /SUBSYSTEM:WINDOWS /TLBID:1 /DYNAMICBASE /NXCOMPAT /IMPLIB:"C:\DEV\Projects\cocos2d-2.1beta3-x-2.1.1\Debug.win32\HelloCpp.lib" /MACHINE:X86 Debug.win32\HelloCpp.exe.embed.manifest.res
         Debug.win32\AppDelegate.obj
         Debug.win32\HelloWorldScene.obj
         Debug.win32\main.obj
         "C:\DEV\Projects\cocos2d-2.1beta3-x-2.1.1\Debug.win32\libcocos2d.lib"
         "C:\DEV\Projects\cocos2d-2.1beta3-x-2.1.1\Debug.win32\libCocosDenshion.lib"
         HelloCpp.vcxproj -> C:\DEV\Projects\cocos2d-2.1beta3-x-2.1.1\Debug.win32\HelloCpp.exe
       FinalizeBuildStatus:
         "Debug.win32\HelloCpp.unsuccessfulbuild" 파일을 삭제하고 있습니다.
         "Debug.win32\HelloCpp.lastbuildstate"에 연결(touching)하고 있습니다.
     1>"C:\DEV\Projects\cocos2d-2.1beta3-x-2.1.1\samples\Cpp\HelloCpp\proj.win32\HelloCpp.vcxproj" 프로젝트를 빌드했습니다(build 대상).

빌드했습니다.

경과 시간: 00:00:05.99
